[2024-05-10 18:25:43,750] 25 root - INFO - data ingestion started
[2024-05-10 18:25:43,819] 28 root - INFO -  reading the data
[2024-05-10 18:25:44,197] 32 root - INFO -  i have saved the raw dataset in artifact folder
[2024-05-10 18:25:44,197] 34 root - INFO - here i have performed train test split
[2024-05-10 18:25:44,212] 37 root - INFO - train test split completed
[2024-05-10 18:25:44,594] 42 root - INFO - data ingestion part completed
[2024-05-10 18:25:44,666] 87 root - INFO - read train and test data complete
[2024-05-10 18:25:44,668] 88 root - INFO - Train Dataframe Head : 
       id  carat        cut color clarity  depth  table     x     y     z  price
0  161527   0.31  Very Good     F     VS1   62.7   59.0  4.30  4.34  2.71    642
1  186964   0.30      Ideal     D     VS2   62.2   57.0  4.30  4.32  2.68    612
2  152065   1.71    Premium     G     VS1   62.7   58.0  7.59  7.55  4.74  15025
3  185578   0.40      Ideal     G    VVS1   62.4   57.0  4.74  4.71  2.95    883
4   37210   1.01  Very Good     D     SI2   60.3   62.0  6.46  6.49  3.91   4596
[2024-05-10 18:25:44,669] 89 root - INFO - Test Dataframe Head : 
       id  carat        cut color clarity  depth  table     x     y     z  price
0  136826   0.41      Ideal     F     SI2   60.9   57.0  4.79  4.84  2.92    716
1   52844   0.25      Ideal     G      IF   62.3   56.0  4.01  4.05  2.52    523
2   99424   0.34    Premium     E     SI1   59.0   58.0  4.54  4.51  2.68    765
3   59028   0.30      Ideal     F      IF   61.3   57.0  4.33  4.35  2.66    886
4  174866   1.20  Very Good     G     VS2   60.8   56.0  6.87  6.89  4.19   6653
[2024-05-10 18:25:44,669] 32 root - INFO - Data Transformation initiated
[2024-05-10 18:25:44,669] 43 root - INFO - Pipeline Initiated
[2024-05-10 18:25:44,823] 107 root - INFO - Applying preprocessing object on training and testing datasets.
[2024-05-10 18:25:44,826] 117 root - INFO - preprocessing pickle file saved
[2024-05-10 18:25:44,828] 26 root - INFO - Splitting Dependent and Independent variables from train and test data
[2024-05-10 18:25:46,146] 44 root - INFO - Model Report : {'LinearRegression': 0.9358676717859655, 'Lasso': 0.935847267110319, 'Ridge': 0.9358701681565346, 'Elasticnet': 0.8552836350532542}
[2024-05-10 18:25:46,147] 57 root - INFO - Best Model Found , Model Name : Ridge , R2 Score : 0.9358701681565346
[2024-05-10 18:25:46,147] 15 root - INFO - evaluation started
[2024-05-10 18:25:46,147] 33 root - INFO - model has register
[2024-05-10 18:25:46,227] 21 root - INFO - evaluation metrics captured
